Using pre-set license
Built from '2020.3/staging' branch; Version is '2020.3.32f1 (12f8b0834f07) revision 1243312'; Using compiler version '192528614'; Build Type 'Release'
OS: 'Windows 10  (10.0.19043) 64bit Professional' Language: 'es' Physical Memory: 16246 MB
BatchMode: 1, IsHumanControllingUs: 0, StartBugReporterOnCrash: 0, Is64bit: 1, IsPro: 0

COMMAND LINE ARGUMENTS:
D:\Programas\Unity\Unity Hub\Editor\2020.3.32f1\Editor\Unity.exe
-adb2
-batchMode
-noUpm
-name
AssetImportWorker0
-projectPath
D:/Unity_Projects/Strange_World/Respositorios/Corrupt_City
-logFile
Logs/AssetImportWorker0.log
-srvPort
52498
Successfully changed project path to: D:/Unity_Projects/Strange_World/Respositorios/Corrupt_City
D:/Unity_Projects/Strange_World/Respositorios/Corrupt_City
Using Asset Import Pipeline V2.
Refreshing native plugins compatible for Editor in 884.81 ms, found 2 plugins.
Preloading 0 native plugins for Editor in 0.00 ms.
Initialize engine version: 2020.3.32f1 (12f8b0834f07)
[Subsystems] Discovering subsystems at path D:/Programas/Unity/Unity Hub/Editor/2020.3.32f1/Editor/Data/Resources/UnitySubsystems
[Subsystems] Discovering subsystems at path D:/Unity_Projects/Strange_World/Respositorios/Corrupt_City/Assets
GfxDevice: creating device client; threaded=0
Direct3D:
    Version:  Direct3D 11.0 [level 11.1]
    Renderer: NVIDIA GeForce RTX 2060 (ID=0x1e89)
    Vendor:   
    VRAM:     5967 MB
    Driver:   30.0.14.9709
Initialize mono
Mono path[0] = 'D:/Programas/Unity/Unity Hub/Editor/2020.3.32f1/Editor/Data/Managed'
Mono path[1] = 'D:/Programas/Unity/Unity Hub/Editor/2020.3.32f1/Editor/Data/MonoBleedingEdge/lib/mono/unityjit'
Mono config path = 'D:/Programas/Unity/Unity Hub/Editor/2020.3.32f1/Editor/Data/MonoBleedingEdge/etc'
Using monoOptions --debugger-agent=transport=dt_socket,embedding=1,server=y,suspend=n,address=127.0.0.1:56880
Begin MonoManager ReloadAssembly
Registering precompiled unity dll's ...
Register platform support module: D:/Programas/Unity/Unity Hub/Editor/2020.3.32f1/Editor/Data/PlaybackEngines/WindowsStandaloneSupport/UnityEditor.WindowsStandalone.Extensions.dll
Registered in 0.011387 seconds.
Native extension for WindowsStandalone target not found
Refreshing native plugins compatible for Editor in 703.51 ms, found 2 plugins.
Preloading 0 native plugins for Editor in 0.00 ms.
Mono: successfully reloaded assembly
- Completed reload, in  2.175 seconds
Domain Reload Profiling:
	ReloadAssembly (2179ms)
		BeginReloadAssembly (205ms)
			ExecutionOrderSort (0ms)
			DisableScriptedObjects (0ms)
			BackupInstance (0ms)
			ReleaseScriptingObjects (0ms)
			CreateAndSetChildDomain (1ms)
		EndReloadAssembly (1689ms)
			LoadAssemblies (205ms)
			RebuildTransferFunctionScriptingTraits (0ms)
			SetupTypeCache (284ms)
			ReleaseScriptCaches (0ms)
			RebuildScriptCaches (86ms)
			SetupLoadedEditorAssemblies (1063ms)
				LogAssemblyErrors (0ms)
				InitializePlatformSupportModulesInManaged (10ms)
				SetLoadedEditorAssemblies (0ms)
				RefreshPlugins (704ms)
				BeforeProcessingInitializeOnLoad (16ms)
				ProcessInitializeOnLoadAttributes (231ms)
				ProcessInitializeOnLoadMethodAttributes (101ms)
				AfterProcessingInitializeOnLoad (0ms)
				EditorAssembliesLoaded (0ms)
			ExecutionOrderSort2 (0ms)
			AwakeInstancesAfterBackupRestoration (0ms)
Platform modules already initialized, skipping
Registering precompiled user dll's ...
Registered in 0.014659 seconds.
Begin MonoManager ReloadAssembly
Native extension for WindowsStandalone target not found
Refreshing native plugins compatible for Editor in 596.06 ms, found 2 plugins.
Preloading 0 native plugins for Editor in 0.00 ms.
Mono: successfully reloaded assembly
- Completed reload, in  2.971 seconds
Domain Reload Profiling:
	ReloadAssembly (2975ms)
		BeginReloadAssembly (349ms)
			ExecutionOrderSort (0ms)
			DisableScriptedObjects (4ms)
			BackupInstance (0ms)
			ReleaseScriptingObjects (0ms)
			CreateAndSetChildDomain (28ms)
		EndReloadAssembly (2523ms)
			LoadAssemblies (255ms)
			RebuildTransferFunctionScriptingTraits (0ms)
			SetupTypeCache (662ms)
			ReleaseScriptCaches (1ms)
			RebuildScriptCaches (132ms)
			SetupLoadedEditorAssemblies (1281ms)
				LogAssemblyErrors (0ms)
				InitializePlatformSupportModulesInManaged (4ms)
				SetLoadedEditorAssemblies (1ms)
				RefreshPlugins (601ms)
				BeforeProcessingInitializeOnLoad (156ms)
				ProcessInitializeOnLoadAttributes (493ms)
				ProcessInitializeOnLoadMethodAttributes (22ms)
				AfterProcessingInitializeOnLoad (3ms)
				EditorAssembliesLoaded (0ms)
			ExecutionOrderSort2 (0ms)
			AwakeInstancesAfterBackupRestoration (16ms)
Platform modules already initialized, skipping
========================================================================
Worker process is ready to serve import requests
Launched and connected shader compiler UnityShaderCompiler.exe after 0.08 seconds
Refreshing native plugins compatible for Editor in 11.39 ms, found 2 plugins.
Preloading 0 native plugins for Editor in 0.00 ms.
Unloading 3535 Unused Serialized files (Serialized files now loaded: 0)
System memory in use before: 174.2 MB.
System memory in use after: 174.4 MB.

Unloading 23 unused Assets to reduce memory usage. Loaded Objects now: 3987.
Total: 5.264800 ms (FindLiveObjects: 0.541000 ms CreateObjectMapping: 0.352500 ms MarkObjects: 4.297500 ms  DeleteObjects: 0.071900 ms)

AssetImportParameters requested are different than current active one (requested -> active):
  custom:framework-win-MediaFoundation: 216162199b28c13a410421893ffa2e32 -> 
  custom:video-decoder-ogg-theora: a1e56fd34408186e4bbccfd4996cb3dc -> 
  custom:container-muxer-webm: aa71ff27fc2769a1b78a27578f13a17b -> 
  custom:container-demuxer-webm: 4f35f7cbe854078d1ac9338744f61a02 -> 
  custom:container-demuxer-ogg: 62fdf1f143b41e24485cea50d1cbac27 -> 
  custom:video-encoder-webm-vp8: eb34c28f22e8b96e1ab97ce403110664 -> 
  custom:video-decoder-webm-vp8: 9c59270c3fd7afecdb556c50c9e8de78 -> 
  custom:audio-decoder-ogg-vorbis: bf7c407c2cedff20999df2af8eb42d56 -> 
  custom:audio-encoder-webm-vorbis: bf7c407c2cedff20999df2af8eb42d56 -> 
========================================================================
Received Import Request.
  path: Assets/PolygonParticleFX/Textures/PolygonParticles_Portal_Single_Chipped.png
  artifactKey: Guid(8a4b0e610ec24c44aaf3f934e7ab1392) Importer(815301076,1909f56bfc062723c751e8b465ee728b)
Start importing Assets/PolygonParticleFX/Textures/PolygonParticles_Portal_Single_Chipped.png using Guid(8a4b0e610ec24c44aaf3f934e7ab1392) Importer(815301076,1909f56bfc062723c751e8b465ee728b)  -> (artifact id: '76f21f3047a4282daf147e6a16752e55') in 0.234002 seconds 
========================================================================
Received Import Request.
  Time since last request: 0.000621 seconds.
  path: Assets/PolygonParticleFX/Textures/PolygonParticles_Swipe_01.png
  artifactKey: Guid(ce1c15ae60b1d1147a4c121b6c97d6b2) Importer(815301076,1909f56bfc062723c751e8b465ee728b)
Start importing Assets/PolygonParticleFX/Textures/PolygonParticles_Swipe_01.png using Guid(ce1c15ae60b1d1147a4c121b6c97d6b2) Importer(815301076,1909f56bfc062723c751e8b465ee728b)  -> (artifact id: '89090294aa865c8c8a356f57663400c2') in 0.043473 seconds 
========================================================================
Received Import Request.
  Time since last request: 0.017441 seconds.
  path: Assets/PolygonParticleFX/Textures/PolygonParticles_Fumes_04.png
  artifactKey: Guid(2eb84df899ad7fc4aa3b987e587d5fcb) Importer(815301076,1909f56bfc062723c751e8b465ee728b)
Start importing Assets/PolygonParticleFX/Textures/PolygonParticles_Fumes_04.png using Guid(2eb84df899ad7fc4aa3b987e587d5fcb) Importer(815301076,1909f56bfc062723c751e8b465ee728b)  -> (artifact id: 'f6ce51efd47cf28c069993e541ad19cb') in 0.018591 seconds 
========================================================================
Received Import Request.
  Time since last request: 0.028379 seconds.
  path: Assets/PolygonParticleFX/Textures/PolygonParticles_Circle_01.png
  artifactKey: Guid(7cc0b541520b0734c80ea6934a192675) Importer(815301076,1909f56bfc062723c751e8b465ee728b)
Start importing Assets/PolygonParticleFX/Textures/PolygonParticles_Circle_01.png using Guid(7cc0b541520b0734c80ea6934a192675) Importer(815301076,1909f56bfc062723c751e8b465ee728b)  -> (artifact id: '3164d32dc4ad7a6712a9c856049dd66d') in 0.025148 seconds 
========================================================================
Received Import Request.
  Time since last request: 0.000585 seconds.
  path: Assets/PolygonParticleFX/Textures/PolygonParticles_Bubble_02.png
  artifactKey: Guid(6c7a37c6766adfc4fac5dffdb14284f4) Importer(815301076,1909f56bfc062723c751e8b465ee728b)
Start importing Assets/PolygonParticleFX/Textures/PolygonParticles_Bubble_02.png using Guid(6c7a37c6766adfc4fac5dffdb14284f4) Importer(815301076,1909f56bfc062723c751e8b465ee728b)  -> (artifact id: 'cb4b97f2c3060178cd6fec4a347253ec') in 0.044331 seconds 
========================================================================
Received Import Request.
  Time since last request: 0.004794 seconds.
  path: Assets/PolygonParticleFX/Textures/PolygonParticles_HalfCircle.png
  artifactKey: Guid(ce52a7627f791234aa84f247915ff610) Importer(815301076,1909f56bfc062723c751e8b465ee728b)
Start importing Assets/PolygonParticleFX/Textures/PolygonParticles_HalfCircle.png using Guid(ce52a7627f791234aa84f247915ff610) Importer(815301076,1909f56bfc062723c751e8b465ee728b)  -> (artifact id: '3f144cb9bc6de3ec0543da530a1dc793') in 0.034681 seconds 
========================================================================
Received Import Request.
  Time since last request: 0.000577 seconds.
  path: Assets/PolygonParticleFX/Textures/PolygonParticles_Hexagon.png
  artifactKey: Guid(9b13fd76834a28c4fa9ea626ba446015) Importer(815301076,1909f56bfc062723c751e8b465ee728b)
Start importing Assets/PolygonParticleFX/Textures/PolygonParticles_Hexagon.png using Guid(9b13fd76834a28c4fa9ea626ba446015) Importer(815301076,1909f56bfc062723c751e8b465ee728b)  -> (artifact id: 'd5d8ae450b42e34f2e7da13a4d8b28f8') in 0.034041 seconds 
========================================================================
Received Import Request.
  Time since last request: 0.000623 seconds.
  path: Assets/PolygonParticleFX/Textures/PolygonParticles_Circle_Dark_01.png
  artifactKey: Guid(913d37094a541b842b4f18f393f40ecb) Importer(815301076,1909f56bfc062723c751e8b465ee728b)
Start importing Assets/PolygonParticleFX/Textures/PolygonParticles_Circle_Dark_01.png using Guid(913d37094a541b842b4f18f393f40ecb) Importer(815301076,1909f56bfc062723c751e8b465ee728b)  -> (artifact id: 'b21e22bb9b91dcabb281c036d86de1cc') in 0.015141 seconds 
========================================================================
Received Import Request.
  Time since last request: 0.000469 seconds.
  path: Assets/PolygonParticleFX/Textures/PolygonParticles_GroundBreak.png
  artifactKey: Guid(b42eef5c44cfeff449e52cd481203575) Importer(815301076,1909f56bfc062723c751e8b465ee728b)
Start importing Assets/PolygonParticleFX/Textures/PolygonParticles_GroundBreak.png using Guid(b42eef5c44cfeff449e52cd481203575) Importer(815301076,1909f56bfc062723c751e8b465ee728b)  -> (artifact id: '315636f602fd06a2e55ed60f7dc585a8') in 0.044494 seconds 
========================================================================
Received Import Request.
  Time since last request: 0.001014 seconds.
  path: Assets/PolygonParticleFX/Textures/PolygonParticles_Wind.png
  artifactKey: Guid(bdf00413f80cc3f48a0036afb20b48bb) Importer(815301076,1909f56bfc062723c751e8b465ee728b)
Start importing Assets/PolygonParticleFX/Textures/PolygonParticles_Wind.png using Guid(bdf00413f80cc3f48a0036afb20b48bb) Importer(815301076,1909f56bfc062723c751e8b465ee728b)  -> (artifact id: 'e4278314318f98b1eca2be4677dff149') in 0.018542 seconds 
========================================================================
Received Import Request.
  Time since last request: 0.000411 seconds.
  path: Assets/PolygonParticleFX/Textures/PolygonParticles_Soft_Spot.png
  artifactKey: Guid(d5170007006368747b4faea8550619cf) Importer(815301076,1909f56bfc062723c751e8b465ee728b)
Start importing Assets/PolygonParticleFX/Textures/PolygonParticles_Soft_Spot.png using Guid(d5170007006368747b4faea8550619cf) Importer(815301076,1909f56bfc062723c751e8b465ee728b)  -> (artifact id: '97dcb1f03e6234ef315b15a651d52afd') in 0.066100 seconds 
========================================================================
Received Import Request.
  Time since last request: 0.000646 seconds.
  path: Assets/PolygonParticleFX/Textures/PolygonParticles_Smoke_01.png
  artifactKey: Guid(608b0bba5c9806149ae5d24a33c606de) Importer(815301076,1909f56bfc062723c751e8b465ee728b)
Start importing Assets/PolygonParticleFX/Textures/PolygonParticles_Smoke_01.png using Guid(608b0bba5c9806149ae5d24a33c606de) Importer(815301076,1909f56bfc062723c751e8b465ee728b)  -> (artifact id: '08bed7f66178353b4d94df940c0edf22') in 0.016961 seconds 
========================================================================
Received Import Request.
  Time since last request: 0.000546 seconds.
  path: Assets/PolygonParticleFX/Textures/PolygonParticles_Swipe_02.png
  artifactKey: Guid(a9a7424a52149bb4b84da7a71341f1df) Importer(815301076,1909f56bfc062723c751e8b465ee728b)
Start importing Assets/PolygonParticleFX/Textures/PolygonParticles_Swipe_02.png using Guid(a9a7424a52149bb4b84da7a71341f1df) Importer(815301076,1909f56bfc062723c751e8b465ee728b)  -> (artifact id: '3b13258b5ba783806a71cc5899956053') in 0.043967 seconds 
========================================================================
Received Import Request.
  Time since last request: 0.000566 seconds.
  path: Assets/PolygonParticleFX/Textures/PolygonParticles_Bubble.png
  artifactKey: Guid(60847f2556c444a438e138e034f0ae83) Importer(815301076,1909f56bfc062723c751e8b465ee728b)
Start importing Assets/PolygonParticleFX/Textures/PolygonParticles_Bubble.png using Guid(60847f2556c444a438e138e034f0ae83) Importer(815301076,1909f56bfc062723c751e8b465ee728b)  -> (artifact id: '32a42132d88877ba12c4a81eb653576b') in 0.022304 seconds 
========================================================================
Received Import Request.
  Time since last request: 0.000400 seconds.
  path: Assets/PolygonParticleFX/Textures/PolygonParticles_Texture_01_A.png
  artifactKey: Guid(67cb44fbdc202b44e971ac2b57d5ee35) Importer(815301076,1909f56bfc062723c751e8b465ee728b)
Start importing Assets/PolygonParticleFX/Textures/PolygonParticles_Texture_01_A.png using Guid(67cb44fbdc202b44e971ac2b57d5ee35) Importer(815301076,1909f56bfc062723c751e8b465ee728b)  -> (artifact id: '3b3f3f9b5b7a04f6a938f85b8f37193a') in 0.014300 seconds 
========================================================================
Received Import Request.
  Time since last request: 0.000562 seconds.
  path: Assets/PolygonParticleFX/Textures/PolygonParticles_Fumes_02.png
  artifactKey: Guid(35fe97dffff1d60489cad17aa767c885) Importer(815301076,1909f56bfc062723c751e8b465ee728b)
Start importing Assets/PolygonParticleFX/Textures/PolygonParticles_Fumes_02.png using Guid(35fe97dffff1d60489cad17aa767c885) Importer(815301076,1909f56bfc062723c751e8b465ee728b)  -> (artifact id: '566bb26e476ba00339a5de84f48b5525') in 0.046200 seconds 
========================================================================
Received Import Request.
  Time since last request: 0.002838 seconds.
  path: Assets/PolygonParticleFX/Textures/PolygonParticles_RainbowCircle.png
  artifactKey: Guid(b9f7df66400b4354b98f61c735542521) Importer(815301076,1909f56bfc062723c751e8b465ee728b)
Start importing Assets/PolygonParticleFX/Textures/PolygonParticles_RainbowCircle.png using Guid(b9f7df66400b4354b98f61c735542521) Importer(815301076,1909f56bfc062723c751e8b465ee728b)  -> (artifact id: 'acf6296d7592e55c9d7069172efd7d4d') in 0.017900 seconds 
========================================================================
Received Import Request.
  Time since last request: 0.000424 seconds.
  path: Assets/PolygonParticleFX/Textures/PolygonParticles_Lightning_02.png
  artifactKey: Guid(b1351c11dea42f845af85e73da6579f6) Importer(815301076,1909f56bfc062723c751e8b465ee728b)
Start importing Assets/PolygonParticleFX/Textures/PolygonParticles_Lightning_02.png using Guid(b1351c11dea42f845af85e73da6579f6) Importer(815301076,1909f56bfc062723c751e8b465ee728b)  -> (artifact id: '4a3bd68c0187bfc0acb5625eb7fb4b48') in 0.041670 seconds 
========================================================================
Received Import Request.
  Time since last request: 0.001007 seconds.
  path: Assets/PolygonParticleFX/Textures/PolygonParticles_RitualCircle_01.png
  artifactKey: Guid(a0b77b3cfe92a174e82c48936951c8f5) Importer(815301076,1909f56bfc062723c751e8b465ee728b)
Start importing Assets/PolygonParticleFX/Textures/PolygonParticles_RitualCircle_01.png using Guid(a0b77b3cfe92a174e82c48936951c8f5) Importer(815301076,1909f56bfc062723c751e8b465ee728b)  -> (artifact id: 'fd606a828a155e937b3ceead24d737aa') in 0.022944 seconds 
========================================================================
Received Import Request.
  Time since last request: 0.000456 seconds.
  path: Assets/PolygonParticleFX/Textures/PolygonParticles_Sparkle.png
  artifactKey: Guid(3ccce67bd48bfcd459a2ef0393fdf83e) Importer(815301076,1909f56bfc062723c751e8b465ee728b)
Start importing Assets/PolygonParticleFX/Textures/PolygonParticles_Sparkle.png using Guid(3ccce67bd48bfcd459a2ef0393fdf83e) Importer(815301076,1909f56bfc062723c751e8b465ee728b)  -> (artifact id: '1e4383db0d185d4afe05723d77622b32') in 0.026223 seconds 
========================================================================
Received Import Request.
  Time since last request: 0.000406 seconds.
  path: Assets/PolygonParticleFX/Textures/PolygonParticles_Wings_Grid.png
  artifactKey: Guid(5f9e461b624488b4e8132701494f4867) Importer(815301076,1909f56bfc062723c751e8b465ee728b)
Start importing Assets/PolygonParticleFX/Textures/PolygonParticles_Wings_Grid.png using Guid(5f9e461b624488b4e8132701494f4867) Importer(815301076,1909f56bfc062723c751e8b465ee728b)  -> (artifact id: '8e1e4949c6da24c41e2c0b8dc2623dcb') in 0.016091 seconds 
========================================================================
Received Import Request.
  Time since last request: 0.009165 seconds.
  path: Assets/PolygonParticleFX/Textures/PolygonParticles_BulletTrail.png
  artifactKey: Guid(03f9cd753cdaef945b4cefdcda283901) Importer(815301076,1909f56bfc062723c751e8b465ee728b)
Start importing Assets/PolygonParticleFX/Textures/PolygonParticles_BulletTrail.png using Guid(03f9cd753cdaef945b4cefdcda283901) Importer(815301076,1909f56bfc062723c751e8b465ee728b)  -> (artifact id: 'f528b3579b55c0b9ceec9259397bf2f4') in 0.015154 seconds 
========================================================================
Received Import Request.
  Time since last request: 0.007191 seconds.
  path: Assets/PolygonParticleFX/Textures/PolygonParticles_Circle_02.png
  artifactKey: Guid(3b8dc5e143e5ce748bbbb8cca21399cf) Importer(815301076,1909f56bfc062723c751e8b465ee728b)
Start importing Assets/PolygonParticleFX/Textures/PolygonParticles_Circle_02.png using Guid(3b8dc5e143e5ce748bbbb8cca21399cf) Importer(815301076,1909f56bfc062723c751e8b465ee728b)  -> (artifact id: 'a114986db0e8ecdc0421928152f0b369') in 0.014247 seconds 
========================================================================
Received Import Request.
  Time since last request: 0.000759 seconds.
  path: Assets/PolygonParticleFX/Textures/PolygonParticles_Ring_02.png
  artifactKey: Guid(d22dd282ce7c3874d954fa2e7893991b) Importer(815301076,1909f56bfc062723c751e8b465ee728b)
Start importing Assets/PolygonParticleFX/Textures/PolygonParticles_Ring_02.png using Guid(d22dd282ce7c3874d954fa2e7893991b) Importer(815301076,1909f56bfc062723c751e8b465ee728b)  -> (artifact id: '49df0f8cbdc49e8a25b2bdc4625fc9ca') in 0.012543 seconds 
========================================================================
Received Import Request.
  Time since last request: 0.000598 seconds.
  path: Assets/PolygonParticleFX/Textures/PolygonParticles_Soft_Spot_Dark.png
  artifactKey: Guid(c8660b4dcd717b846900ad32c22a9162) Importer(815301076,1909f56bfc062723c751e8b465ee728b)
Start importing Assets/PolygonParticleFX/Textures/PolygonParticles_Soft_Spot_Dark.png using Guid(c8660b4dcd717b846900ad32c22a9162) Importer(815301076,1909f56bfc062723c751e8b465ee728b)  -> (artifact id: 'f8ebbebd2fed8044664824f9fcd396a8') in 0.015352 seconds 
========================================================================
Received Import Request.
  Time since last request: 0.000456 seconds.
  path: Assets/PolygonParticleFX/Textures/PolygonParticles_SemiCircle.png
  artifactKey: Guid(f07e4b81cfc00d24e88a4b58da56db3e) Importer(815301076,1909f56bfc062723c751e8b465ee728b)
Start importing Assets/PolygonParticleFX/Textures/PolygonParticles_SemiCircle.png using Guid(f07e4b81cfc00d24e88a4b58da56db3e) Importer(815301076,1909f56bfc062723c751e8b465ee728b)  -> (artifact id: '916554983cf38f413cb4548eba2e9f0b') in 0.037464 seconds 
========================================================================
Received Import Request.
  Time since last request: 0.000373 seconds.
  path: Assets/PolygonParticleFX/Textures
  artifactKey: Guid(297f6df657122674e84b8c9346b05be6) Importer(815301076,1909f56bfc062723c751e8b465ee728b)
Start importing Assets/PolygonParticleFX/Textures using Guid(297f6df657122674e84b8c9346b05be6) Importer(815301076,1909f56bfc062723c751e8b465ee728b)  -> (artifact id: '5eab69f1a2867f5af0ba851f6fb24f78') in 0.006103 seconds 
========================================================================
Received Import Request.
  Time since last request: 0.000690 seconds.
  path: Assets/PolygonParticleFX/Textures/PolygonParticles_Shell_01.png
  artifactKey: Guid(2458a5e8960caf942b6e5fdee34bcdf9) Importer(815301076,1909f56bfc062723c751e8b465ee728b)
Start importing Assets/PolygonParticleFX/Textures/PolygonParticles_Shell_01.png using Guid(2458a5e8960caf942b6e5fdee34bcdf9) Importer(815301076,1909f56bfc062723c751e8b465ee728b)  -> (artifact id: '667dd173583f5e7e50f6200cca25171b') in 0.018150 seconds 
========================================================================
Received Import Request.
  Time since last request: 17.122349 seconds.
  path: Assets/Materials
  artifactKey: Guid(d0234ba368eeec9418390da711bfdad0) Importer(815301076,1909f56bfc062723c751e8b465ee728b)
Start importing Assets/Materials using Guid(d0234ba368eeec9418390da711bfdad0) Importer(815301076,1909f56bfc062723c751e8b465ee728b)  -> (artifact id: 'dd1fccef896d48891410691dfde716e5') in 0.021469 seconds 
AssetImportWorkerClient::OnTransportError - code=2 error=End of file
